::1 - - [04/Mar/2022:11:30:12 +0000] "POST /api/auth/signin HTTP/1.1" 201 298 "-" "PostmanRuntime/7.29.0"
::1 - - [04/Mar/2022:11:42:24 +0000] "POST /api/user/drafts HTTP/1.1" 201 323 "-" "PostmanRuntime/7.29.0"
::1 - - [04/Mar/2022:11:46:20 +0000] "GET /api/user/drafts HTTP/1.1" 400 25 "-" "PostmanRuntime/7.29.0"
::1 - - [04/Mar/2022:11:46:41 +0000] "GET /api/user/drafts/621f635d9561ac91034f7bcc HTTP/1.1" 404 179 "-" "PostmanRuntime/7.29.0"
::1 - - [04/Mar/2022:11:47:26 +0000] "GET /api/user/drafts/621f635d9561ac91034f7bcc HTTP/1.1" 404 179 "-" "PostmanRuntime/7.29.0"
::1 - - [04/Mar/2022:11:47:36 +0000] "GET /api/user/drafts HTTP/1.1" 200 286 "-" "PostmanRuntime/7.29.0"
::1 - - [04/Mar/2022:11:48:40 +0000] "GET /api/user/drafts HTTP/1.1" 400 2 "-" "PostmanRuntime/7.29.0"
::1 - - [04/Mar/2022:11:48:59 +0000] "GET /api/user/drafts HTTP/1.1" 400 2 "-" "PostmanRuntime/7.29.0"
::1 - - [04/Mar/2022:11:49:15 +0000] "GET /api/user/drafts HTTP/1.1" 200 286 "-" "PostmanRuntime/7.29.0"
::1 - - [04/Mar/2022:13:07:35 +0000] "POST /api/register HTTP/1.1" 400 988 "-" "PostmanRuntime/7.29.0"
::1 - - [04/Mar/2022:13:10:41 +0000] "POST /api/auth/ HTTP/1.1" 201 300 "-" "PostmanRuntime/7.29.0"
::1 - - [04/Mar/2022:13:11:04 +0000] "POST /api/auth/ HTTP/1.1" 400 61 "-" "PostmanRuntime/7.29.0"
::1 - - [04/Mar/2022:13:11:55 +0000] "POST /api/auth/signin HTTP/1.1" 201 299 "-" "PostmanRuntime/7.29.0"
::1 - - [04/Mar/2022:13:15:01 +0000] "GET /student/upload/62220fd1b58b309deb3259e1 HTTP/1.1" 404 178 "-" "PostmanRuntime/7.29.0"
::1 - - [04/Mar/2022:13:15:43 +0000] "POST /student/upload/62220fd1b58b309deb3259e1 HTTP/1.1" 404 179 "-" "PostmanRuntime/7.29.0"
::1 - - [04/Mar/2022:13:16:05 +0000] "POST /api/user/upload/62220fd1b58b309deb3259e1 HTTP/1.1" 201 262 "-" "PostmanRuntime/7.29.0"
::1 - - [04/Mar/2022:13:16:38 +0000] "POST /api/user/upload/62220fd1b58b309deb3259e1 HTTP/1.1" 201 406 "-" "PostmanRuntime/7.29.0"
::1 - - [04/Mar/2022:13:18:38 +0000] "POST /api/user/upload/62220fd1b58b309deb3259e1 HTTP/1.1" 201 406 "-" "PostmanRuntime/7.29.0"
::1 - - [04/Mar/2022:13:20:08 +0000] "POST /api/user/upload/62220fd1b58b309deb3259e1 HTTP/1.1" 201 406 "-" "PostmanRuntime/7.29.0"
::1 - - [04/Mar/2022:13:21:47 +0000] "POST /api/user/upload/62220fd1b58b309deb3259e1 HTTP/1.1" 201 406 "-" "PostmanRuntime/7.29.0"
::1 - - [04/Mar/2022:13:21:58 +0000] "POST /api/user/upload/62220fd1b58b309deb3259e1 HTTP/1.1" 201 427 "-" "PostmanRuntime/7.29.0"
::1 - - [04/Mar/2022:13:25:42 +0000] "GET /api/teacher/ HTTP/1.1" 200 766 "-" "PostmanRuntime/7.29.0"
::1 - - [04/Mar/2022:13:26:36 +0000] "GET /api/teacher/ HTTP/1.1" 200 766 "-" "PostmanRuntime/7.29.0"
::1 - - [04/Mar/2022:13:26:56 +0000] "GET /api/teacher/ HTTP/1.1" 200 766 "-" "PostmanRuntime/7.29.0"
::1 - - [04/Mar/2022:13:28:05 +0000] "GET /api/teacher/ HTTP/1.1" 200 429 "-" "PostmanRuntime/7.29.0"
::1 - - [04/Mar/2022:13:29:04 +0000] "GET /api/teacher/ HTTP/1.1" 422 9 "-" "PostmanRuntime/7.29.0"
::1 - - [04/Mar/2022:13:29:19 +0000] "GET /api/teacher/ HTTP/1.1" 403 9 "-" "PostmanRuntime/7.29.0"
::1 - - [04/Mar/2022:13:29:26 +0000] "GET /api/teacher/ HTTP/1.1" 200 429 "-" "PostmanRuntime/7.29.0"
::1 - - [04/Mar/2022:13:30:08 +0000] "GET /api/teacher/ HTTP/1.1" 200 11 "-" "PostmanRuntime/7.29.0"
::1 - - [04/Mar/2022:13:30:51 +0000] "GET /api/teacher/ HTTP/1.1" 200 11 "-" "PostmanRuntime/7.29.0"
::1 - - [04/Mar/2022:13:33:36 +0000] "POST /api/user/upload/62220fd1b58b309deb3259e1 HTTP/1.1" 201 445 "-" "PostmanRuntime/7.29.0"
::1 - - [04/Mar/2022:13:36:45 +0000] "POST /api/admin/suspended HTTP/1.1" 200 - "-" "PostmanRuntime/7.29.0"
::1 - - [04/Mar/2022:13:38:32 +0000] "POST /api/admin/suspended HTTP/1.1" 200 - "-" "PostmanRuntime/7.29.0"
::1 - - [04/Mar/2022:13:39:01 +0000] "POST /api/admin/suspended HTTP/1.1" 200 - "-" "PostmanRuntime/7.29.0"
::1 - - [04/Mar/2022:13:41:43 +0000] "POST /api/admin/suspended HTTP/1.1" 404 159 "-" "PostmanRuntime/7.29.0"
::1 - - [04/Mar/2022:13:41:56 +0000] "POST /api/admin/suspend HTTP/1.1" 200 489 "-" "PostmanRuntime/7.29.0"
::1 - - [04/Mar/2022:13:50:46 +0000] "GET /api/articles/ HTTP/1.1" 200 388 "-" "PostmanRuntime/7.29.0"
::1 - - [04/Mar/2022:13:51:29 +0000] "GET /api/articles/ HTTP/1.1" 200 388 "-" "PostmanRuntime/7.29.0"
::1 - - [04/Mar/2022:13:52:13 +0000] "GET /api/articles/ HTTP/1.1" 200 388 "-" "PostmanRuntime/7.29.0"
::1 - - [04/Mar/2022:13:53:08 +0000] "GET /api/articles/ HTTP/1.1" 200 388 "-" "PostmanRuntime/7.29.0"
::1 - - [04/Mar/2022:13:53:37 +0000] "GET /api/articles/ HTTP/1.1" 200 388 "-" "PostmanRuntime/7.29.0"
::1 - - [04/Mar/2022:14:38:04 +0000] "POST /api/admin/suspend HTTP/1.1" 200 470 "-" "PostmanRuntime/7.29.0"
::1 - - [04/Mar/2022:14:38:17 +0000] "POST /api/admin/suspend HTTP/1.1" 200 469 "-" "PostmanRuntime/7.29.0"
::1 - - [04/Mar/2022:14:41:21 +0000] "GET /api/articles/ HTTP/1.1" 400 20 "-" "PostmanRuntime/7.29.0"
::1 - - [04/Mar/2022:14:42:21 +0000] "GET /api/articles/62220fd1b58b309deb3259e1 HTTP/1.1" 400 20 "-" "PostmanRuntime/7.29.0"
::1 - - [04/Mar/2022:14:42:34 +0000] "GET /api/articles HTTP/1.1" 200 388 "-" "PostmanRuntime/7.29.0"
::1 - - [04/Mar/2022:14:43:39 +0000] "GET /api/articles HTTP/1.1" 200 388 "-" "PostmanRuntime/7.29.0"
::1 - - [04/Mar/2022:14:43:53 +0000] "GET /api/articles HTTP/1.1" 403 28 "-" "PostmanRuntime/7.29.0"
::1 - - [04/Mar/2022:14:44:56 +0000] "GET /api/articles HTTP/1.1" 400 5 "-" "PostmanRuntime/7.29.0"
::1 - - [04/Mar/2022:14:55:16 +0000] "POST /api/articles/ HTTP/1.1" 400 5 "-" "PostmanRuntime/7.29.0"
::1 - - [04/Mar/2022:14:56:21 +0000] "POST /api/articles/ HTTP/1.1" 400 8 "-" "PostmanRuntime/7.29.0"
::1 - - [04/Mar/2022:15:06:03 +0000] "POST /api/articles/ HTTP/1.1" 201 396 "-" "PostmanRuntime/7.29.0"
::1 - - [04/Mar/2022:15:07:11 +0000] "POST /api/articles/ HTTP/1.1" 201 397 "-" "PostmanRuntime/7.29.0"
::1 - - [04/Mar/2022:15:08:06 +0000] "POST /api/articles/ HTTP/1.1" 403 44 "-" "PostmanRuntime/7.29.0"
::1 - - [04/Mar/2022:15:11:00 +0000] "POST /api/articles/ HTTP/1.1" 403 41 "-" "PostmanRuntime/7.29.0"
::1 - - [04/Mar/2022:15:11:39 +0000] "POST /api/articles/ HTTP/1.1" 403 41 "-" "PostmanRuntime/7.29.0"
::1 - - [04/Mar/2022:15:12:12 +0000] "POST /api/articles/ HTTP/1.1" 201 373 "-" "PostmanRuntime/7.29.0"
::1 - - [04/Mar/2022:15:12:32 +0000] "POST /api/articles/ HTTP/1.1" 201 380 "-" "PostmanRuntime/7.29.0"
::1 - - [06/Mar/2022:03:11:27 +0000] "GET /api/subjects HTTP/1.1" 400 91 "-" "-"
::1 - - [06/Mar/2022:03:12:47 +0000] "POST /api/auth HTTP/1.1" 400 61 "-" "-"
::1 - - [06/Mar/2022:03:12:56 +0000] "POST /api/auth/signin HTTP/1.1" 400 25 "-" "-"
::1 - - [06/Mar/2022:03:14:08 +0000] "POST /api/auth/signin HTTP/1.1" 400 33 "-" "-"
::1 - - [06/Mar/2022:03:16:50 +0000] "POST /api/auth/signin HTTP/1.1" 201 277 "-" "-"
::1 - - [06/Mar/2022:03:18:13 +0000] "GET /api/articles/ HTTP/1.1" 200 772 "-" "PostmanRuntime/7.29.0"
::1 - - [06/Mar/2022:03:20:43 +0000] "GET /api/subjects HTTP/1.1" 201 101 "-" "-"
::1 - - [06/Mar/2022:03:21:50 +0000] "POST /api/subjects HTTP/1.1" 201 101 "-" "-"
::1 - - [06/Mar/2022:03:23:00 +0000] "GET /api/subjects HTTP/1.1" 200 101 "-" "PostmanRuntime/7.29.0"
::1 - - [06/Mar/2022:03:25:16 +0000] "POST /api/subjects HTTP/1.1" 201 101 "-" "PostmanRuntime/7.29.0"
::1 - - [06/Mar/2022:03:25:27 +0000] "GET /api/subjects HTTP/1.1" 200 101 "-" "PostmanRuntime/7.29.0"
::1 - - [06/Mar/2022:03:25:42 +0000] "POST /api/subjects HTTP/1.1" 201 101 "-" "PostmanRuntime/7.29.0"
::1 - - [06/Mar/2022:03:26:01 +0000] "POST /api/subjects HTTP/1.1" 201 101 "-" "PostmanRuntime/7.29.0"
::1 - - [06/Mar/2022:03:35:50 +0000] "POST /api/admin/suspend HTTP/1.1" 200 470 "-" "PostmanRuntime/7.29.0"
::1 - - [06/Mar/2022:03:35:57 +0000] "POST /api/admin/suspend HTTP/1.1" 200 469 "-" "PostmanRuntime/7.29.0"
::1 - - [06/Mar/2022:03:47:16 +0000] "POST /api/articles HTTP/1.1" 201 362 "-" "PostmanRuntime/7.29.0"
